RUN	simulations.Main_Simulation	main-simulation	1651766147815	 	3.3.1
USER	Solirius Simulation	1	START	1651766148733	1651766148733
REQUEST	1	solirius_010_HomePage	solirius_010_HomePage	1651766148757	1651766151667	OK	 
GROUP	1	solirius_010_HomePage	1651766148739	1651766154126	5172	OK
REQUEST	1	solirius_020_About_Us	solirius_020_About_Us	1651766160993	1651766163040	OK	 
GROUP	1	solirius_020_About_Us	1651766160976	1651766163365	2314	OK
REQUEST	1	solirius_030_Business-Consulting	solirius_030_Business-Consulting	1651766169553	1651766172454	OK	 
GROUP	1	solirius_030_Business-Consulting	1651766169547	1651766172789	3176	OK
REQUEST	1	solirius_040_Cloud_Cyber	solirius_040_Cloud_Cyber	1651766178182	1651766180669	OK	 
GROUP	1	solirius_040_Cloud_Cyber	1651766178177	1651766181037	2828	OK
REQUEST	1	solirius_050_Data_AI	solirius_050_Data_AI	1651766186098	1651766188782	OK	 
GROUP	1	solirius_050_Data_AI	1651766186096	1651766189604	3435	OK
REQUEST	1	solirius_060_Digital_Delivery	solirius_060_Digital_Delivery	1651766195824	1651766198560	OK	 
GROUP	1	solirius_060_Digital_Delivery	1651766195817	1651766198975	3114	OK
REQUEST	1	solirius_070_Digital_Engineering	solirius_070_Digital_Engineering	1651766205869	1651766209004	OK	 
GROUP	1	solirius_070_Digital_Engineering	1651766205866	1651766209376	3470	OK
REQUEST	1	solirius_080_User_Centered_Design	solirius_080_User_Centered_Design	1651766215720	1651766218833	OK	 
GROUP	1	solirius_080_User_Centered_Design	1651766215717	1651766219194	3446	OK
REQUEST	1	solirius_090_Insights	solirius_090_Insights	1651766225802	1651766228492	OK	 
GROUP	1	solirius_090_Insights	1651766225797	1651766228704	2874	OK
REQUEST	1	solirius_100_Blog_1_Rebecca	solirius_100_Blog_1_Rebecca	1651766234438	1651766236356	OK	 
GROUP	1	solirius_100_Blog_1_Rebecca	1651766234436	1651766236840	2367	OK
REQUEST	1	solirius_110_Blog_2_Max	solirius_110_Blog_2_Max	1651766243696	1651766245151	OK	 
GROUP	1	solirius_110_Blog_2_Max	1651766243695	1651766245895	2175	OK
REQUEST	1	solirius_120_Contact	solirius_120_Contact	1651766251599	1651766252829	OK	 
GROUP	1	solirius_120_Contact	1651766251597	1651766252848	1231	OK
REQUEST	1	solirius_140_Join_Our_Team	solirius_140_Join_Our_Team	1651766258667	1651766261648	OK	 
GROUP	1	solirius_140_Join_Our_Team	1651766258666	1651766262001	3299	OK
REQUEST	1	solirius_150_Job_Search	solirius_150_Job_Search	1651766268137	1651766269591	OK	 
GROUP	1	solirius_150_Job_Search	1651766268137	1651766269605	1455	OK
REQUEST	1	solirius_160_Job_Application	solirius_160_Job_Application	1651766276028	1651766281384	OK	 
GROUP	1	solirius_160_Job_Application	1651766276027	1651766281394	5357	OK
REQUEST	1	solirius_170_Job_Application_Apply	solirius_170_Job_Application_Apply	1651766287707	1651766289359	OK	 
GROUP	1	solirius_170_Job_Application_Apply	1651766287706	1651766289372	1654	OK
REQUEST	1	solirius_200_Cookie_Policy	solirius_200_Cookie_Policy	1651766296221	1651766297273	OK	 
GROUP	1	solirius_200_Cookie_Policy	1651766296217	1651766297300	1055	OK
REQUEST	1	solirius_210_Privacy_Policy	solirius_210_Privacy_Policy	1651766304254	1651766305309	OK	 
GROUP	1	solirius_210_Privacy_Policy	1651766304248	1651766305336	1056	OK
USER	Solirius Simulation	1	END	1651766148733	1651766305356
