RUN	simulations.Main_Simulation	main-simulation	1651586287560	 	3.3.1
USER	Solirius Simulation	1	START	1651586288940	1651586288940
REQUEST	1	solirius_010_HomePage	solirius_010_HomePage	1651586288980	1651586290297	OK	 
GROUP	1	solirius_010_HomePage	1651586288948	1651586291326	1973	OK
REQUEST	1	solirius_020_About_Us	solirius_020_About_Us	1651586298084	1651586299354	OK	 
GROUP	1	solirius_020_About_Us	1651586298077	1651586299548	1290	OK
REQUEST	1	solirius_030_Business-Consulting	solirius_030_Business-Consulting	1651586305929	1651586307818	OK	 
GROUP	1	solirius_030_Business-Consulting	1651586305926	1651586307945	1972	OK
REQUEST	1	solirius_040_Cloud_Cyber	solirius_040_Cloud_Cyber	1651586313303	1651586314808	OK	 
GROUP	1	solirius_040_Cloud_Cyber	1651586313242	1651586315034	1529	OK
REQUEST	1	solirius_050_Data_AI	solirius_050_Data_AI	1651586320359	1651586323032	OK	 
GROUP	1	solirius_050_Data_AI	1651586320357	1651586323351	2932	OK
REQUEST	1	solirius_060_Digital_Delivery	solirius_060_Digital_Delivery	1651586330250	1651586331828	OK	 
GROUP	1	solirius_060_Digital_Delivery	1651586330248	1651586331889	1600	OK
REQUEST	1	solirius_070_Digital_Engineering	solirius_070_Digital_Engineering	1651586337099	1651586338508	OK	 
GROUP	1	solirius_070_Digital_Engineering	1651586337098	1651586338570	1442	OK
REQUEST	1	solirius_080_User_Centered_Design	solirius_080_User_Centered_Design	1651586343949	1651586346851	OK	 
GROUP	1	solirius_080_User_Centered_Design	1651586343946	1651586346892	2915	OK
REQUEST	1	solirius_090_Insights	solirius_090_Insights	1651586352840	1651586356170	OK	 
GROUP	1	solirius_090_Insights	1651586352838	1651586356503	3604	OK
REQUEST	1	solirius_100_Blog_1_Rebecca	solirius_100_Blog_1_Rebecca	1651586362508	1651586362629	OK	 
GROUP	1	solirius_100_Blog_1_Rebecca	1651586362507	1651586362920	369	OK
REQUEST	1	solirius_110_Blog_2_Max	solirius_110_Blog_2_Max	1651586369629	1651586369670	OK	 
GROUP	1	solirius_110_Blog_2_Max	1651586369628	1651586370112	382	OK
REQUEST	1	solirius_120_Contact	solirius_120_Contact	1651586376965	1651586377984	OK	 
GROUP	1	solirius_120_Contact	1651586376963	1651586378015	1020	OK
REQUEST	1	solirius_140_Join_Our_Team	solirius_140_Join_Our_Team	1651586384519	1651586386929	OK	 
GROUP	1	solirius_140_Join_Our_Team	1651586384517	1651586387281	2628	OK
REQUEST	1	solirius_150_Job_Search	solirius_150_Job_Search	1651586392769	1651586394025	OK	 
GROUP	1	solirius_150_Job_Search	1651586392767	1651586394055	1257	OK
REQUEST	1	solirius_160_Job_Application	solirius_160_Job_Application	1651586399210	1651586401355	OK	 
GROUP	1	solirius_160_Job_Application	1651586399207	1651586401408	2146	OK
REQUEST	1	solirius_170_Job_Application_Apply	solirius_170_Job_Application_Apply	1651586406909	1651586408469	OK	 
GROUP	1	solirius_170_Job_Application_Apply	1651586406863	1651586408541	1566	OK
REQUEST	1	solirius_200_Cookie_Policy	solirius_200_Cookie_Policy	1651586414388	1651586414415	OK	 
GROUP	1	solirius_200_Cookie_Policy	1651586414387	1651586414432	29	OK
REQUEST	1	solirius_210_Privacy_Policy	solirius_210_Privacy_Policy	1651586421010	1651586422519	OK	 
GROUP	1	solirius_210_Privacy_Policy	1651586421007	1651586422544	1510	OK
USER	Solirius Simulation	1	END	1651586288940	1651586422555
