RUN	simulations.Main_Simulation	main-simulation	1651652756343	 	3.3.1
USER	Solirius Simulation	1	START	1651652757471	1651652757471
REQUEST	1	solirius_010_HomePage	solirius_010_HomePage	1651652757505	1651652760233	OK	 
GROUP	1	solirius_010_HomePage	1651652757480	1651652761877	4022	OK
REQUEST	1	solirius_020_About_Us	solirius_020_About_Us	1651652768234	1651652770913	OK	 
GROUP	1	solirius_020_About_Us	1651652768211	1651652771297	2972	OK
REQUEST	1	solirius_030_Business-Consulting	solirius_030_Business-Consulting	1651652777739	1651652780465	OK	 
GROUP	1	solirius_030_Business-Consulting	1651652777736	1651652780774	2923	OK
REQUEST	1	solirius_040_Cloud_Cyber	solirius_040_Cloud_Cyber	1651652786747	1651652789854	OK	 
GROUP	1	solirius_040_Cloud_Cyber	1651652786746	1651652790232	3457	OK
REQUEST	1	solirius_050_Data_AI	solirius_050_Data_AI	1651652797188	1651652800304	OK	 
GROUP	1	solirius_050_Data_AI	1651652797184	1651652800682	3439	OK
REQUEST	1	solirius_060_Digital_Delivery	solirius_060_Digital_Delivery	1651652807512	1651652810721	OK	 
GROUP	1	solirius_060_Digital_Delivery	1651652807506	1651652811040	3482	OK
REQUEST	1	solirius_070_Digital_Engineering	solirius_070_Digital_Engineering	1651652817227	1651652820169	OK	 
GROUP	1	solirius_070_Digital_Engineering	1651652817226	1651652820633	3346	OK
REQUEST	1	solirius_080_User_Centered_Design	solirius_080_User_Centered_Design	1651652826819	1651652829591	OK	 
GROUP	1	solirius_080_User_Centered_Design	1651652826816	1651652829625	2787	OK
REQUEST	1	solirius_090_Insights	solirius_090_Insights	1651652835788	1651652838920	OK	 
GROUP	1	solirius_090_Insights	1651652835785	1651652839648	3754	OK
REQUEST	1	solirius_100_Blog_1_Rebecca	solirius_100_Blog_1_Rebecca	1651652846342	1651652847956	OK	 
GROUP	1	solirius_100_Blog_1_Rebecca	1651652846337	1651652848537	2143	OK
REQUEST	1	solirius_110_Blog_2_Max	solirius_110_Blog_2_Max	1651652855535	1651652859190	OK	 
GROUP	1	solirius_110_Blog_2_Max	1651652855526	1651652859604	4037	OK
REQUEST	1	solirius_120_Contact	solirius_120_Contact	1651652865849	1651652867181	OK	 
GROUP	1	solirius_120_Contact	1651652865846	1651652867229	1333	OK
REQUEST	1	solirius_140_Join_Our_Team	solirius_140_Join_Our_Team	1651652873906	1651652876893	OK	 
GROUP	1	solirius_140_Join_Our_Team	1651652873906	1651652877243	3310	OK
REQUEST	1	solirius_150_Job_Search	solirius_150_Job_Search	1651652882854	1651652884487	OK	 
GROUP	1	solirius_150_Job_Search	1651652882853	1651652884511	1634	OK
REQUEST	1	solirius_160_Job_Application	solirius_160_Job_Application	1651652890717	1651652893789	OK	 
GROUP	1	solirius_160_Job_Application	1651652890716	1651652893804	3073	OK
REQUEST	1	solirius_170_Job_Application_Apply	solirius_170_Job_Application_Apply	1651652900608	1651652902185	OK	 
GROUP	1	solirius_170_Job_Application_Apply	1651652900605	1651652902213	1578	OK
REQUEST	1	solirius_200_Cookie_Policy	solirius_200_Cookie_Policy	1651652908777	1651652909866	OK	 
GROUP	1	solirius_200_Cookie_Policy	1651652908776	1651652909900	1092	OK
REQUEST	1	solirius_210_Privacy_Policy	solirius_210_Privacy_Policy	1651652915838	1651652915874	OK	 
GROUP	1	solirius_210_Privacy_Policy	1651652915836	1651652915914	37	OK
USER	Solirius Simulation	1	END	1651652757471	1651652915924
