RUN	simulations.Main_Simulation	main-simulation	1650550711929	 	3.3.1
USER	Solirius Simulation	1	START	1650550712964	1650550712964
REQUEST	1	solirius_010_HomePage	solirius_010_HomePage	1650550712990	1650550714124	OK	 
GROUP	1	solirius_010_HomePage	1650550712970	1650550714573	1399	OK
REQUEST	1	solirius_020_About_Us	solirius_020_About_Us	1650550719634	1650550719700	OK	 
GROUP	1	solirius_020_About_Us	1650550719609	1650550719820	113	OK
REQUEST	1	solirius_030_Business-Consulting	solirius_030_Business-Consulting	1650550725156	1650550727122	OK	 
GROUP	1	solirius_030_Business-Consulting	1650550725147	1650550727235	2006	OK
REQUEST	1	solirius_040_Cloud_Cyber	solirius_040_Cloud_Cyber	1650550732713	1650550732795	OK	 
GROUP	1	solirius_040_Cloud_Cyber	1650550732708	1650550732882	114	OK
REQUEST	1	solirius_050_Data_AI	solirius_050_Data_AI	1650550738997	1650550739500	OK	 
GROUP	1	solirius_050_Data_AI	1650550738988	1650550739545	504	OK
REQUEST	1	solirius_060_Digital_Delivery	solirius_060_Digital_Delivery	1650550745115	1650550745181	OK	 
GROUP	1	solirius_060_Digital_Delivery	1650550745097	1650550745246	105	OK
REQUEST	1	solirius_070_Digital_Engineering	solirius_070_Digital_Engineering	1650550750407	1650550750467	OK	 
GROUP	1	solirius_070_Digital_Engineering	1650550750400	1650550750534	87	OK
REQUEST	1	solirius_080_User_Centered_Design	solirius_080_User_Centered_Design	1650550756654	1650550757871	OK	 
GROUP	1	solirius_080_User_Centered_Design	1650550756648	1650550757948	1253	OK
REQUEST	1	solirius_090_Insights	solirius_090_Insights	1650550763587	1650550765322	OK	 
GROUP	1	solirius_090_Insights	1650550763576	1650550765397	1768	OK
REQUEST	1	solirius_100_Blog_1_Rebecca	solirius_100_Blog_1_Rebecca	1650550770968	1650550771030	OK	 
GROUP	1	solirius_100_Blog_1_Rebecca	1650550770958	1650550771091	90	OK
REQUEST	1	solirius_110_Blog_2_Max	solirius_110_Blog_2_Max	1650550777214	1650550777294	OK	 
GROUP	1	solirius_110_Blog_2_Max	1650550777208	1650550777687	433	OK
REQUEST	1	solirius_120_Contact	solirius_120_Contact	1650550783205	1650550783673	OK	 
GROUP	1	solirius_120_Contact	1650550783198	1650550783709	469	OK
REQUEST	1	solirius_140_Join_Our_Team	solirius_140_Join_Our_Team	1650550790492	1650550790578	OK	 
GROUP	1	solirius_140_Join_Our_Team	1650550790488	1650550790648	110	OK
REQUEST	1	solirius_150_Job_Search	solirius_150_Job_Search	1650550797646	1650550798595	OK	 
GROUP	1	solirius_150_Job_Search	1650550797637	1650550798637	950	OK
REQUEST	1	solirius_160_Job_Application	solirius_160_Job_Application	1650550804025	1650550805147	OK	 
GROUP	1	solirius_160_Job_Application	1650550804016	1650550805175	1123	OK
REQUEST	1	solirius_170_Job_Application_Apply	solirius_170_Job_Application_Apply	1650550810390	1650550811295	OK	 
GROUP	1	solirius_170_Job_Application_Apply	1650550810388	1650550811326	906	OK
REQUEST	1	solirius_180_Job_Application_Apply_Post	solirius_180_Job_Application_Apply_Post	1650550817383	1650550817566	KO	status.find.in(200,201,202,203,204,205,206,207,208,209,304), found 403
GROUP	1	solirius_180_Job_Application_Apply_Post	1650550817357	1650550817611	183	KO
USER	Solirius Simulation	1	END	1650550712964	1650550817625
